<?xml version="1.0" encoding="UTF-8"?>
<!-- Generated by org.testng.reporters.JUnitReportReporter -->
<testsuite hostname="DESKTOP-EQSPP4S" failures="0" tests="3" name="TestRunner.RunnerTest" time="50.995" errors="0" timestamp="2023-08-04T17:20:57 IST" skipped="0">
  <testcase classname="TestRunner.RunnerTest" name="runScenario" time="13.668"/>
  <system-out/>
  <testcase classname="TestRunner.RunnerTest" name="runScenario" time="21.664"/>
  <system-out/>
  <testcase classname="TestRunner.RunnerTest" name="runScenario" time="15.663"/>
  <system-out/>
</testsuite> <!-- TestRunner.RunnerTest -->
