<?xml version="1.0" encoding="UTF-8"?>
<!-- Generated by org.testng.reporters.JUnitReportReporter -->
<testsuite hostname="VishaL" failures="0" tests="1" name="TestRunner.RunnerTest" time="12.003" errors="0" timestamp="2023-08-04T13:24:20 IST" skipped="0">
  <testcase classname="TestRunner.RunnerTest" name="runScenario" time="12.003"/>
  <system-out/>
</testsuite> <!-- TestRunner.RunnerTest -->
